Determining if the pthread_create exist failed with the following output:
Change Dir: /home/ras/kthfsdv/build/CMakeFiles/CMakeTmp

Run Build Command:"/usr/bin/make" "cmTC_9b1ec/fast"
/usr/bin/make -f CMakeFiles/cmTC_9b1ec.dir/build.make CMakeFiles/cmTC_9b1ec.dir/build
make[1]: Entering directory '/home/ras/kthfsdv/build/CMakeFiles/CMakeTmp'
Building C object CMakeFiles/cmTC_9b1ec.dir/CheckSymbolExists.c.o
/usr/bin/cc     -o CMakeFiles/cmTC_9b1ec.dir/CheckSymbolExists.c.o   -c /home/ras/kthfsdv/build/CMakeFiles/CMakeTmp/CheckSymbolExists.c
Linking C executable cmTC_9b1ec
/usr/bin/cmake -E cmake_link_script CMakeFiles/cmTC_9b1ec.dir/link.txt --verbose=1
/usr/bin/cc       CMakeFiles/cmTC_9b1ec.dir/CheckSymbolExists.c.o  -o cmTC_9b1ec -rdynamic 
CMakeFiles/cmTC_9b1ec.dir/CheckSymbolExists.c.o: In function `main':
CheckSymbolExists.c:(.text+0x16): undefined reference to `pthread_create'
collect2: error: ld returned 1 exit status
CMakeFiles/cmTC_9b1ec.dir/build.make:97: recipe for target 'cmTC_9b1ec' failed
make[1]: *** [cmTC_9b1ec] Error 1
make[1]: Leaving directory '/home/ras/kthfsdv/build/CMakeFiles/CMakeTmp'
Makefile:126: recipe for target 'cmTC_9b1ec/fast' failed
make: *** [cmTC_9b1ec/fast] Error 2

File /home/ras/kthfsdv/build/CMakeFiles/CMakeTmp/CheckSymbolExists.c:
/* */
#include <pthread.h>

int main(int argc, char** argv)
{
  (void)argv;
#ifndef pthread_create
  return ((int*)(&pthread_create))[argc];
#else
  (void)argc;
  return 0;
#endif
}

Determining if the function pthread_create exists in the pthreads failed with the following output:
Change Dir: /home/ras/kthfsdv/build/CMakeFiles/CMakeTmp

Run Build Command:"/usr/bin/make" "cmTC_1d17f/fast"
/usr/bin/make -f CMakeFiles/cmTC_1d17f.dir/build.make CMakeFiles/cmTC_1d17f.dir/build
make[1]: Entering directory '/home/ras/kthfsdv/build/CMakeFiles/CMakeTmp'
Building C object CMakeFiles/cmTC_1d17f.dir/CheckFunctionExists.c.o
/usr/bin/cc    -DCHECK_FUNCTION_EXISTS=pthread_create   -o CMakeFiles/cmTC_1d17f.dir/CheckFunctionExists.c.o   -c /usr/share/cmake-3.5/Modules/CheckFunctionExists.c
Linking C executable cmTC_1d17f
/usr/bin/cmake -E cmake_link_script CMakeFiles/cmTC_1d17f.dir/link.txt --verbose=1
/usr/bin/cc   -DCHECK_FUNCTION_EXISTS=pthread_create    CMakeFiles/cmTC_1d17f.dir/CheckFunctionExists.c.o  -o cmTC_1d17f -rdynamic -lpthreads 
/usr/bin/ld: cannot find -lpthreads
collect2: error: ld returned 1 exit status
CMakeFiles/cmTC_1d17f.dir/build.make:97: recipe for target 'cmTC_1d17f' failed
make[1]: *** [cmTC_1d17f] Error 1
make[1]: Leaving directory '/home/ras/kthfsdv/build/CMakeFiles/CMakeTmp'
Makefile:126: recipe for target 'cmTC_1d17f/fast' failed
make: *** [cmTC_1d17f/fast] Error 2


